{"C:\\Users\\Regina Sobral\\Documents\\Projects\\aprove-me\\src\\app.module.ts": {"path":"C:\\Users\\Regina Sobral\\Documents\\Projects\\aprove-me\\src\\app.module.ts","statementMap":{"0":{"start":{"line":1,"column":0},"end":{"line":1,"column":40}},"1":{"start":{"line":2,"column":0},"end":{"line":2,"column":58}},"2":{"start":{"line":3,"column":0},"end":{"line":3,"column":67}},"3":{"start":{"line":4,"column":0},"end":{"line":4,"column":72}},"4":{"start":{"line":5,"column":0},"end":{"line":5,"column":70}},"5":{"start":{"line":6,"column":0},"end":{"line":6,"column":92}},"6":{"start":{"line":7,"column":0},"end":{"line":7,"column":90}},"7":{"start":{"line":22,"column":7},"end":{"line":22,"column":null}},"8":{"start":{"line":22,"column":13},"end":{"line":22,"column":null}},"9":{"start":{"line":22,"column":13},"end":{"line":22,"column":22}}},"fnMap":{},"branchMap":{},"s":{"0":0,"1":0,"2":0,"3":0,"4":0,"5":0,"6":0,"7":0,"8":0,"9":0},"f":{},"b":{}}
,"C:\\Users\\Regina Sobral\\Documents\\Projects\\aprove-me\\src\\integrations.controller.ts": {"path":"C:\\Users\\Regina Sobral\\Documents\\Projects\\aprove-me\\src\\integrations.controller.ts","statementMap":{"0":{"start":{"line":1,"column":0},"end":{"line":1,"column":80}},"1":{"start":{"line":2,"column":0},"end":{"line":2,"column":65}},"2":{"start":{"line":3,"column":0},"end":{"line":3,"column":80}},"3":{"start":{"line":4,"column":0},"end":{"line":4,"column":63}},"4":{"start":{"line":5,"column":0},"end":{"line":5,"column":56}},"5":{"start":{"line":6,"column":0},"end":{"line":6,"column":54}},"6":{"start":{"line":7,"column":0},"end":{"line":7,"column":72}},"7":{"start":{"line":8,"column":0},"end":{"line":8,"column":70}},"8":{"start":{"line":11,"column":7},"end":{"line":72,"column":null}},"9":{"start":{"line":13,"column":12},"end":{"line":13,"column":32}},"10":{"start":{"line":14,"column":12},"end":{"line":14,"column":31}},"11":{"start":{"line":20,"column":6},"end":{"line":20,"column":57}},"12":{"start":{"line":25,"column":6},"end":{"line":25,"column":62}},"13":{"start":{"line":30,"column":6},"end":{"line":30,"column":60}},"14":{"start":{"line":35,"column":6},"end":{"line":35,"column":65}},"15":{"start":{"line":40,"column":6},"end":{"line":40,"column":59}},"16":{"start":{"line":45,"column":6},"end":{"line":45,"column":67}},"17":{"start":{"line":50,"column":6},"end":{"line":50,"column":61}},"18":{"start":{"line":55,"column":6},"end":{"line":55,"column":74}},"19":{"start":{"line":60,"column":6},"end":{"line":60,"column":76}},"20":{"start":{"line":65,"column":4},"end":{"line":65,"column":66}},"21":{"start":{"line":70,"column":4},"end":{"line":70,"column":68}},"22":{"start":{"line":19,"column":10},"end":{"line":21,"column":null}},"23":{"start":{"line":24,"column":10},"end":{"line":26,"column":null}},"24":{"start":{"line":29,"column":10},"end":{"line":31,"column":null}},"25":{"start":{"line":34,"column":10},"end":{"line":36,"column":null}},"26":{"start":{"line":39,"column":10},"end":{"line":41,"column":null}},"27":{"start":{"line":44,"column":10},"end":{"line":46,"column":null}},"28":{"start":{"line":49,"column":10},"end":{"line":51,"column":null}},"29":{"start":{"line":54,"column":10},"end":{"line":56,"column":null}},"30":{"start":{"line":59,"column":10},"end":{"line":61,"column":null}},"31":{"start":{"line":64,"column":8},"end":{"line":66,"column":null}},"32":{"start":{"line":69,"column":8},"end":{"line":71,"column":null}},"33":{"start":{"line":11,"column":13},"end":{"line":72,"column":null}},"34":{"start":{"line":11,"column":13},"end":{"line":11,"column":35}}},"fnMap":{"0":{"name":"(anonymous_4)","decl":{"start":{"line":12,"column":2},"end":{"line":12,"column":null}},"loc":{"start":{"line":14,"column":48},"end":{"line":15,"column":9}}},"1":{"name":"(anonymous_5)","decl":{"start":{"line":19,"column":4},"end":{"line":19,"column":9}},"loc":{"start":{"line":19,"column":57},"end":{"line":21,"column":5}}},"2":{"name":"(anonymous_6)","decl":{"start":{"line":24,"column":4},"end":{"line":24,"column":9}},"loc":{"start":{"line":24,"column":54},"end":{"line":26,"column":5}}},"3":{"name":"(anonymous_7)","decl":{"start":{"line":29,"column":4},"end":{"line":29,"column":9}},"loc":{"start":{"line":29,"column":52},"end":{"line":31,"column":5}}},"4":{"name":"(anonymous_8)","decl":{"start":{"line":34,"column":4},"end":{"line":34,"column":9}},"loc":{"start":{"line":34,"column":36},"end":{"line":36,"column":5}}},"5":{"name":"(anonymous_9)","decl":{"start":{"line":39,"column":4},"end":{"line":39,"column":9}},"loc":{"start":{"line":39,"column":20},"end":{"line":41,"column":5}}},"6":{"name":"(anonymous_10)","decl":{"start":{"line":44,"column":4},"end":{"line":44,"column":9}},"loc":{"start":{"line":44,"column":37},"end":{"line":46,"column":5}}},"7":{"name":"(anonymous_11)","decl":{"start":{"line":49,"column":4},"end":{"line":49,"column":9}},"loc":{"start":{"line":49,"column":21},"end":{"line":51,"column":5}}},"8":{"name":"(anonymous_12)","decl":{"start":{"line":54,"column":4},"end":{"line":54,"column":9}},"loc":{"start":{"line":54,"column":68},"end":{"line":56,"column":5}}},"9":{"name":"(anonymous_13)","decl":{"start":{"line":59,"column":4},"end":{"line":59,"column":9}},"loc":{"start":{"line":59,"column":70},"end":{"line":61,"column":5}}},"10":{"name":"(anonymous_14)","decl":{"start":{"line":64,"column":2},"end":{"line":64,"column":7}},"loc":{"start":{"line":64,"column":37},"end":{"line":66,"column":3}}},"11":{"name":"(anonymous_15)","decl":{"start":{"line":69,"column":2},"end":{"line":69,"column":7}},"loc":{"start":{"line":69,"column":38},"end":{"line":71,"column":3}}}},"branchMap":{},"s":{"0":0,"1":0,"2":0,"3":0,"4":0,"5":0,"6":0,"7":0,"8":0,"9":0,"10":0,"11":0,"12":0,"13":0,"14":0,"15":0,"16":0,"17":0,"18":0,"19":0,"20":0,"21":0,"22":0,"23":0,"24":0,"25":0,"26":0,"27":0,"28":0,"29":0,"30":0,"31":0,"32":0,"33":0,"34":0},"f":{"0":0,"1":0,"2":0,"3":0,"4":0,"5":0,"6":0,"7":0,"8":0,"9":0,"10":0,"11":0},"b":{}}
,"C:\\Users\\Regina Sobral\\Documents\\Projects\\aprove-me\\src\\main.ts": {"path":"C:\\Users\\Regina Sobral\\Documents\\Projects\\aprove-me\\src\\main.ts","statementMap":{"0":{"start":{"line":1,"column":0},"end":{"line":1,"column":43}},"1":{"start":{"line":2,"column":0},"end":{"line":2,"column":48}},"2":{"start":{"line":3,"column":0},"end":{"line":3,"column":41}},"3":{"start":{"line":6,"column":14},"end":{"line":6,"column":49}},"4":{"start":{"line":8,"column":2},"end":{"line":8,"column":43}},"5":{"start":{"line":9,"column":2},"end":{"line":9,"column":25}},"6":{"start":{"line":11,"column":0},"end":{"line":11,"column":12}}},"fnMap":{"0":{"name":"bootstrap","decl":{"start":{"line":5,"column":15},"end":{"line":5,"column":24}},"loc":{"start":{"line":5,"column":24},"end":{"line":10,"column":1}}}},"branchMap":{},"s":{"0":0,"1":0,"2":0,"3":0,"4":0,"5":0,"6":0},"f":{"0":0},"b":{}}
,"C:\\Users\\Regina Sobral\\Documents\\Projects\\aprove-me\\src\\database\\prisma.service.ts": {"path":"C:\\Users\\Regina Sobral\\Documents\\Projects\\aprove-me\\src\\database\\prisma.service.ts","statementMap":{"0":{"start":{"line":1,"column":0},"end":{"line":1,"column":76}},"1":{"start":{"line":2,"column":0},"end":{"line":2,"column":46}},"2":{"start":{"line":5,"column":7},"end":{"line":15,"column":null}},"3":{"start":{"line":7,"column":4},"end":{"line":7,"column":26}},"4":{"start":{"line":11,"column":4},"end":{"line":13,"column":7}},"5":{"start":{"line":12,"column":6},"end":{"line":12,"column":24}},"6":{"start":{"line":5,"column":13},"end":{"line":15,"column":null}},"7":{"start":{"line":5,"column":13},"end":{"line":5,"column":26}}},"fnMap":{"0":{"name":"(anonymous_1)","decl":{"start":{"line":6,"column":2},"end":{"line":6,"column":7}},"loc":{"start":{"line":6,"column":20},"end":{"line":8,"column":3}}},"1":{"name":"(anonymous_2)","decl":{"start":{"line":10,"column":2},"end":{"line":10,"column":7}},"loc":{"start":{"line":10,"column":49},"end":{"line":14,"column":3}}},"2":{"name":"(anonymous_3)","decl":{"start":{"line":11,"column":27},"end":{"line":11,"column":32}},"loc":{"start":{"line":11,"column":38},"end":{"line":13,"column":5}}}},"branchMap":{},"s":{"0":0,"1":0,"2":0,"3":0,"4":0,"5":0,"6":0,"7":0},"f":{"0":0,"1":0,"2":0},"b":{}}
,"C:\\Users\\Regina Sobral\\Documents\\Projects\\aprove-me\\src\\dtos\\create-assignor-body.ts": {"path":"C:\\Users\\Regina Sobral\\Documents\\Projects\\aprove-me\\src\\dtos\\create-assignor-body.ts","statementMap":{"0":{"start":{"line":1,"column":0},"end":{"line":1,"column":53}},"1":{"start":{"line":5,"column":4},"end":{"line":7,"column":null}},"2":{"start":{"line":9,"column":4},"end":{"line":11,"column":null}},"3":{"start":{"line":13,"column":4},"end":{"line":15,"column":null}},"4":{"start":{"line":17,"column":4},"end":{"line":19,"column":null}},"5":{"start":{"line":3,"column":0},"end":{"line":3,"column":13}}},"fnMap":{},"branchMap":{},"s":{"0":0,"1":0,"2":0,"3":0,"4":0,"5":0},"f":{},"b":{}}
,"C:\\Users\\Regina Sobral\\Documents\\Projects\\aprove-me\\src\\dtos\\create-payable-assignor-body.ts": {"path":"C:\\Users\\Regina Sobral\\Documents\\Projects\\aprove-me\\src\\dtos\\create-payable-assignor-body.ts","statementMap":{"0":{"start":{"line":1,"column":0},"end":{"line":1,"column":53}},"1":{"start":{"line":4,"column":4},"end":{"line":6,"column":null}},"2":{"start":{"line":8,"column":4},"end":{"line":10,"column":null}},"3":{"start":{"line":12,"column":4},"end":{"line":14,"column":null}},"4":{"start":{"line":16,"column":4},"end":{"line":18,"column":null}},"5":{"start":{"line":20,"column":4},"end":{"line":23,"column":null}},"6":{"start":{"line":25,"column":4},"end":{"line":28,"column":null}},"7":{"start":{"line":3,"column":0},"end":{"line":3,"column":13}}},"fnMap":{},"branchMap":{},"s":{"0":0,"1":0,"2":0,"3":0,"4":0,"5":0,"6":0,"7":0},"f":{},"b":{}}
,"C:\\Users\\Regina Sobral\\Documents\\Projects\\aprove-me\\src\\dtos\\create-payable-body.ts": {"path":"C:\\Users\\Regina Sobral\\Documents\\Projects\\aprove-me\\src\\dtos\\create-payable-body.ts","statementMap":{"0":{"start":{"line":1,"column":0},"end":{"line":1,"column":53}},"1":{"start":{"line":5,"column":4},"end":{"line":8,"column":null}},"2":{"start":{"line":10,"column":4},"end":{"line":13,"column":null}},"3":{"start":{"line":15,"column":4},"end":{"line":18,"column":null}},"4":{"start":{"line":3,"column":0},"end":{"line":3,"column":13}}},"fnMap":{},"branchMap":{},"s":{"0":0,"1":0,"2":0,"3":0,"4":0},"f":{},"b":{}}
,"C:\\Users\\Regina Sobral\\Documents\\Projects\\aprove-me\\src\\dtos\\update-assignor.ts": {"path":"C:\\Users\\Regina Sobral\\Documents\\Projects\\aprove-me\\src\\dtos\\update-assignor.ts","statementMap":{"0":{"start":{"line":1,"column":0},"end":{"line":1,"column":53}},"1":{"start":{"line":4,"column":4},"end":{"line":6,"column":null}},"2":{"start":{"line":8,"column":4},"end":{"line":10,"column":null}},"3":{"start":{"line":12,"column":4},"end":{"line":14,"column":null}},"4":{"start":{"line":16,"column":4},"end":{"line":18,"column":null}},"5":{"start":{"line":3,"column":0},"end":{"line":3,"column":13}}},"fnMap":{},"branchMap":{},"s":{"0":0,"1":0,"2":0,"3":0,"4":0,"5":0},"f":{},"b":{}}
,"C:\\Users\\Regina Sobral\\Documents\\Projects\\aprove-me\\src\\dtos\\update-payable.ts": {"path":"C:\\Users\\Regina Sobral\\Documents\\Projects\\aprove-me\\src\\dtos\\update-payable.ts","statementMap":{"0":{"start":{"line":1,"column":0},"end":{"line":1,"column":53}},"1":{"start":{"line":4,"column":6},"end":{"line":7,"column":null}},"2":{"start":{"line":9,"column":4},"end":{"line":12,"column":null}},"3":{"start":{"line":14,"column":4},"end":{"line":17,"column":null}},"4":{"start":{"line":3,"column":0},"end":{"line":3,"column":13}}},"fnMap":{},"branchMap":{},"s":{"0":0,"1":0,"2":0,"3":0,"4":0},"f":{},"b":{}}
,"C:\\Users\\Regina Sobral\\Documents\\Projects\\aprove-me\\src\\repositories\\assignor-repository.ts": {"path":"C:\\Users\\Regina Sobral\\Documents\\Projects\\aprove-me\\src\\repositories\\assignor-repository.ts","statementMap":{"0":{"start":{"line":4,"column":0},"end":{"line":4,"column":22}}},"fnMap":{},"branchMap":{},"s":{"0":0},"f":{},"b":{}}
,"C:\\Users\\Regina Sobral\\Documents\\Projects\\aprove-me\\src\\repositories\\payable-repository.ts": {"path":"C:\\Users\\Regina Sobral\\Documents\\Projects\\aprove-me\\src\\repositories\\payable-repository.ts","statementMap":{"0":{"start":{"line":5,"column":0},"end":{"line":5,"column":22}}},"fnMap":{},"branchMap":{},"s":{"0":0},"f":{},"b":{}}
,"C:\\Users\\Regina Sobral\\Documents\\Projects\\aprove-me\\src\\repositories\\prisma\\prisma-assignor-repository.ts": {"path":"C:\\Users\\Regina Sobral\\Documents\\Projects\\aprove-me\\src\\repositories\\prisma\\prisma-assignor-repository.ts","statementMap":{"0":{"start":{"line":1,"column":0},"end":{"line":1,"column":44}},"1":{"start":{"line":2,"column":0},"end":{"line":2,"column":60}},"2":{"start":{"line":8,"column":7},"end":{"line":53,"column":null}},"3":{"start":{"line":9,"column":24},"end":{"line":9,"column":32}},"4":{"start":{"line":12,"column":49},"end":{"line":12,"column":53}},"5":{"start":{"line":14,"column":8},"end":{"line":22,"column":11}},"6":{"start":{"line":26,"column":8},"end":{"line":28,"column":10}},"7":{"start":{"line":32,"column":8},"end":{"line":32,"column":53}},"8":{"start":{"line":36,"column":8},"end":{"line":39,"column":11}},"9":{"start":{"line":44,"column":30},"end":{"line":46,"column":10}},"10":{"start":{"line":47,"column":29},"end":{"line":49,"column":10}},"11":{"start":{"line":51,"column":8},"end":{"line":51,"column":51}},"12":{"start":{"line":8,"column":13},"end":{"line":53,"column":null}},"13":{"start":{"line":8,"column":13},"end":{"line":8,"column":37}}},"fnMap":{"0":{"name":"(anonymous_2)","decl":{"start":{"line":9,"column":4},"end":{"line":9,"column":24}},"loc":{"start":{"line":9,"column":45},"end":{"line":9,"column":50}}},"1":{"name":"(anonymous_3)","decl":{"start":{"line":11,"column":4},"end":{"line":11,"column":9}},"loc":{"start":{"line":11,"column":46},"end":{"line":23,"column":5}}},"2":{"name":"(anonymous_4)","decl":{"start":{"line":25,"column":4},"end":{"line":25,"column":9}},"loc":{"start":{"line":25,"column":32},"end":{"line":29,"column":5}}},"3":{"name":"(anonymous_5)","decl":{"start":{"line":31,"column":4},"end":{"line":31,"column":9}},"loc":{"start":{"line":31,"column":24},"end":{"line":33,"column":5}}},"4":{"name":"(anonymous_6)","decl":{"start":{"line":35,"column":4},"end":{"line":35,"column":9}},"loc":{"start":{"line":35,"column":57},"end":{"line":40,"column":5}}},"5":{"name":"(anonymous_7)","decl":{"start":{"line":43,"column":4},"end":{"line":43,"column":9}},"loc":{"start":{"line":43,"column":35},"end":{"line":52,"column":5}}}},"branchMap":{},"s":{"0":0,"1":0,"2":0,"3":0,"4":0,"5":0,"6":0,"7":0,"8":0,"9":0,"10":0,"11":0,"12":0,"13":0},"f":{"0":0,"1":0,"2":0,"3":0,"4":0,"5":0},"b":{}}
,"C:\\Users\\Regina Sobral\\Documents\\Projects\\aprove-me\\src\\repositories\\prisma\\prisma-payable-repository.ts": {"path":"C:\\Users\\Regina Sobral\\Documents\\Projects\\aprove-me\\src\\repositories\\prisma\\prisma-payable-repository.ts","statementMap":{"0":{"start":{"line":1,"column":0},"end":{"line":1,"column":44}},"1":{"start":{"line":2,"column":0},"end":{"line":2,"column":60}},"2":{"start":{"line":9,"column":7},"end":{"line":69,"column":null}},"3":{"start":{"line":10,"column":24},"end":{"line":10,"column":32}},"4":{"start":{"line":13,"column":70},"end":{"line":13,"column":74}},"5":{"start":{"line":15,"column":30},"end":{"line":23,"column":10}},"6":{"start":{"line":25,"column":29},"end":{"line":31,"column":10}},"7":{"start":{"line":32,"column":8},"end":{"line":32,"column":47}},"8":{"start":{"line":36,"column":50},"end":{"line":36,"column":54}},"9":{"start":{"line":38,"column":8},"end":{"line":44,"column":11}},"10":{"start":{"line":47,"column":8},"end":{"line":49,"column":10}},"11":{"start":{"line":53,"column":8},"end":{"line":53,"column":52}},"12":{"start":{"line":57,"column":8},"end":{"line":60,"column":11}},"13":{"start":{"line":64,"column":8},"end":{"line":66,"column":11}},"14":{"start":{"line":9,"column":13},"end":{"line":69,"column":null}},"15":{"start":{"line":9,"column":13},"end":{"line":9,"column":36}}},"fnMap":{"0":{"name":"(anonymous_2)","decl":{"start":{"line":10,"column":4},"end":{"line":10,"column":24}},"loc":{"start":{"line":10,"column":45},"end":{"line":10,"column":50}}},"1":{"name":"(anonymous_3)","decl":{"start":{"line":12,"column":4},"end":{"line":12,"column":9}},"loc":{"start":{"line":12,"column":49},"end":{"line":33,"column":5}}},"2":{"name":"(anonymous_4)","decl":{"start":{"line":35,"column":4},"end":{"line":35,"column":9}},"loc":{"start":{"line":35,"column":44},"end":{"line":45,"column":5}}},"3":{"name":"(anonymous_5)","decl":{"start":{"line":46,"column":4},"end":{"line":46,"column":9}},"loc":{"start":{"line":46,"column":31},"end":{"line":50,"column":5}}},"4":{"name":"(anonymous_6)","decl":{"start":{"line":52,"column":4},"end":{"line":52,"column":9}},"loc":{"start":{"line":52,"column":23},"end":{"line":54,"column":5}}},"5":{"name":"(anonymous_7)","decl":{"start":{"line":56,"column":4},"end":{"line":56,"column":9}},"loc":{"start":{"line":56,"column":55},"end":{"line":61,"column":5}}},"6":{"name":"(anonymous_8)","decl":{"start":{"line":63,"column":4},"end":{"line":63,"column":9}},"loc":{"start":{"line":63,"column":34},"end":{"line":67,"column":5}}}},"branchMap":{},"s":{"0":0,"1":0,"2":0,"3":0,"4":0,"5":0,"6":0,"7":0,"8":0,"9":0,"10":0,"11":0,"12":0,"13":0,"14":0,"15":0},"f":{"0":0,"1":0,"2":0,"3":0,"4":0,"5":0,"6":0},"b":{}}
}
